# JRE version: OpenJDK Runtime Environment Temurin-21.0.6+7 (21.0.6+7) (build 21.0.6+7-LTS)
# Java VM: OpenJDK 64-Bit Server VM Temurin-21.0.6+7 (21.0.6+7-LTS, mixed mode, sharing, tiered, compressed oops, compressed class ptrs, parallel gc, windows-amd64)
GC Precious Log:
 CardTable entry size: 512
 CPUs: 12 total, 12 available
 Memory: 16085M
 Large Page Support: Disabled
 NUMA Support: Disabled
 Compressed Oops: Enabled (32-bit)
 Alignments: Space 512K, Generation 512K, Heap 2M
 Heap Min Capacity: 100M
 Heap Initial Capacity: 100M
 Heap Max Capacity: 1G
 Pre-touch: Disabled
 Parallel Workers: 10
Heap:
 PSYoungGen      total 16896K, used 12259K [0x00000000eab00000, 0x00000000ecb00000, 0x0000000100000000)
  eden space 14336K, 67% used [0x00000000eab00000,0x00000000eb47cd20,0x00000000eb900000)
  from space 2560K, 99% used [0x00000000ec080000,0x00000000ec2fc270,0x00000000ec300000)
  to   space 7680K, 0% used [0x00000000eb900000,0x00000000eb900000,0x00000000ec080000)
 ParOldGen       total 83456K, used 83009K [0x00000000c0000000, 0x00000000c5180000, 0x00000000eab00000)
  object space 83456K, 99% used [0x00000000c0000000,0x00000000c51106d8,0x00000000c5180000)
 Metaspace       used 51595K, committed 52800K, reserved 1114112K
  class space    used 5436K, committed 5952K, reserved 1048576K
GC Heap History (20 events):
Event: 16.533 GC heap before
{Heap before GC invocations=35 (full 2):
 PSYoungGen      total 19456K, used 19453K [0x00000000eab00000, 0x00000000ec800000, 0x0000000100000000)
  eden space 17408K, 100% used [0x00000000eab00000,0x00000000ebc00000,0x00000000ebc00000)
  from space 2048K, 99% used [0x00000000ec100000,0x00000000ec2ff628,0x00000000ec300000)
  to   space 5120K, 0% used [0x00000000ebc00000,0x00000000ebc00000,0x00000000ec100000)
 ParOldGen       total 68608K, used 56037K [0x00000000c0000000, 0x00000000c4300000, 0x00000000eab00000)
  object space 68608K, 81% used [0x00000000c0000000,0x00000000c36b9708,0x00000000c4300000)
 Metaspace       used 47138K, committed 48320K, reserved 1114112K
  class space    used 4945K, committed 5440K, reserved 1048576K
}
Event: 16.535 GC heap after
{Heap after GC invocations=35 (full 2):
 PSYoungGen      total 19456K, used 1742K [0x00000000eab00000, 0x00000000ec200000, 0x0000000100000000)
  eden space 17408K, 0% used [0x00000000eab00000,0x00000000eab00000,0x00000000ebc00000)
  from space 2048K, 85% used [0x00000000ebc00000,0x00000000ebdb3b60,0x00000000ebe00000)
  to   space 3072K, 0% used [0x00000000ebf00000,0x00000000ebf00000,0x00000000ec200000)
 ParOldGen       total 68608K, used 58069K [0x00000000c0000000, 0x00000000c4300000, 0x00000000eab00000)
  object space 68608K, 84% used [0x00000000c0000000,0x00000000c38b5448,0x00000000c4300000)
 Metaspace       used 47138K, committed 48320K, reserved 1114112K
  class space    used 4945K, committed 5440K, reserved 1048576K
}
Event: 16.560 GC heap before
{Heap before GC invocations=36 (full 2):
 PSYoungGen      total 19456K, used 19150K [0x00000000eab00000, 0x00000000ec200000, 0x0000000100000000)
  eden space 17408K, 100% used [0x00000000eab00000,0x00000000ebc00000,0x00000000ebc00000)
  from space 2048K, 85% used [0x00000000ebc00000,0x00000000ebdb3b60,0x00000000ebe00000)
  to   space 3072K, 0% used [0x00000000ebf00000,0x00000000ebf00000,0x00000000ec200000)
 ParOldGen       total 68608K, used 58069K [0x00000000c0000000, 0x00000000c4300000, 0x00000000eab00000)
  object space 68608K, 84% used [0x00000000c0000000,0x00000000c38b5448,0x00000000c4300000)
 Metaspace       used 47154K, committed 48320K, reserved 1114112K
  class space    used 4945K, committed 5440K, reserved 1048576K
}
Event: 16.562 GC heap after
{Heap after GC invocations=36 (full 2):
 PSYoungGen      total 19968K, used 2290K [0x00000000eab00000, 0x00000000ec180000, 0x0000000100000000)
  eden space 17408K, 0% used [0x00000000eab00000,0x00000000eab00000,0x00000000ebc00000)
  from space 2560K, 89% used [0x00000000ebf00000,0x00000000ec13c8f8,0x00000000ec180000)
  to   space 2560K, 0% used [0x00000000ebc80000,0x00000000ebc80000,0x00000000ebf00000)
 ParOldGen       total 68608K, used 59672K [0x00000000c0000000, 0x00000000c4300000, 0x00000000eab00000)
  object space 68608K, 86% used [0x00000000c0000000,0x00000000c3a46298,0x00000000c4300000)
 Metaspace       used 47154K, committed 48320K, reserved 1114112K
  class space    used 4945K, committed 5440K, reserved 1048576K
}
Event: 16.640 GC heap before
{Heap before GC invocations=37 (full 2):
 PSYoungGen      total 19968K, used 19679K [0x00000000eab00000, 0x00000000ec180000, 0x0000000100000000)
  eden space 17408K, 99% used [0x00000000eab00000,0x00000000ebbfb4c8,0x00000000ebc00000)
  from space 2560K, 89% used [0x00000000ebf00000,0x00000000ec13c8f8,0x00000000ec180000)
  to   space 2560K, 0% used [0x00000000ebc80000,0x00000000ebc80000,0x00000000ebf00000)
 ParOldGen       total 68608K, used 59672K [0x00000000c0000000, 0x00000000c4300000, 0x00000000eab00000)
  object space 68608K, 86% used [0x00000000c0000000,0x00000000c3a46298,0x00000000c4300000)
 Metaspace       used 47803K, committed 48960K, reserved 1114112K
  class space    used 5012K, committed 5504K, reserved 1048576K
}
Event: 16.643 GC heap after
{Heap after GC invocations=37 (full 2):
 PSYoungGen      total 19968K, used 2331K [0x00000000eab00000, 0x00000000ec100000, 0x0000000100000000)
  eden space 17408K, 0% used [0x00000000eab00000,0x00000000eab00000,0x00000000ebc00000)
  from space 2560K, 91% used [0x00000000ebc80000,0x00000000ebec6ff8,0x00000000ebf00000)
  to   space 2048K, 0% used [0x00000000ebf00000,0x00000000ebf00000,0x00000000ec100000)
 ParOldGen       total 68608K, used 62488K [0x00000000c0000000, 0x00000000c4300000, 0x00000000eab00000)
  object space 68608K, 91% used [0x00000000c0000000,0x00000000c3d063d8,0x00000000c4300000)
 Metaspace       used 47803K, committed 48960K, reserved 1114112K
  class space    used 5012K, committed 5504K, reserved 1048576K
}
Event: 16.759 GC heap before
{Heap before GC invocations=38 (full 2):
 PSYoungGen      total 19968K, used 19739K [0x00000000eab00000, 0x00000000ec100000, 0x0000000100000000)
  eden space 17408K, 100% used [0x00000000eab00000,0x00000000ebc00000,0x00000000ebc00000)
  from space 2560K, 91% used [0x00000000ebc80000,0x00000000ebec6ff8,0x00000000ebf00000)
  to   space 2048K, 0% used [0x00000000ebf00000,0x00000000ebf00000,0x00000000ec100000)
 ParOldGen       total 68608K, used 62488K [0x00000000c0000000, 0x00000000c4300000, 0x00000000eab00000)
  object space 68608K, 91% used [0x00000000c0000000,0x00000000c3d063d8,0x00000000c4300000)
 Metaspace       used 49479K, committed 50688K, reserved 1114112K
  class space    used 5167K, committed 5696K, reserved 1048576K
}
Event: 16.761 GC heap after
{Heap after GC invocations=38 (full 2):
 PSYoungGen      total 19456K, used 1870K [0x00000000eab00000, 0x00000000ec100000, 0x0000000100000000)
  eden space 17408K, 0% used [0x00000000eab00000,0x00000000eab00000,0x00000000ebc00000)
  from space 2048K, 91% used [0x00000000ebf00000,0x00000000ec0d3870,0x00000000ec100000)
  to   space 2048K, 0% used [0x00000000ebd00000,0x00000000ebd00000,0x00000000ebf00000)
 ParOldGen       total 68608K, used 65015K [0x00000000c0000000, 0x00000000c4300000, 0x00000000eab00000)
  object space 68608K, 94% used [0x00000000c0000000,0x00000000c3f7dc80,0x00000000c4300000)
 Metaspace       used 49479K, committed 50688K, reserved 1114112K
  class space    used 5167K, committed 5696K, reserved 1048576K
}
Event: 16.879 GC heap before
{Heap before GC invocations=39 (full 2):
 PSYoungGen      total 19456K, used 19278K [0x00000000eab00000, 0x00000000ec100000, 0x0000000100000000)
  eden space 17408K, 100% used [0x00000000eab00000,0x00000000ebc00000,0x00000000ebc00000)
  from space 2048K, 91% used [0x00000000ebf00000,0x00000000ec0d3870,0x00000000ec100000)
  to   space 2048K, 0% used [0x00000000ebd00000,0x00000000ebd00000,0x00000000ebf00000)
 ParOldGen       total 68608K, used 65015K [0x00000000c0000000, 0x00000000c4300000, 0x00000000eab00000)
  object space 68608K, 94% used [0x00000000c0000000,0x00000000c3f7dc80,0x00000000c4300000)
 Metaspace       used 50217K, committed 51520K, reserved 1114112K
  class space    used 5256K, committed 5824K, reserved 1048576K
}
Event: 16.882 GC heap after
{Heap after GC invocations=39 (full 2):
 PSYoungGen      total 19456K, used 2039K [0x00000000eab00000, 0x00000000ec700000, 0x0000000100000000)
  eden space 17408K, 0% used [0x00000000eab00000,0x00000000eab00000,0x00000000ebc00000)
  from space 2048K, 99% used [0x00000000ebd00000,0x00000000ebefdd78,0x00000000ebf00000)
  to   space 5632K, 0% used [0x00000000ec180000,0x00000000ec180000,0x00000000ec700000)
 ParOldGen       total 68608K, used 67641K [0x00000000c0000000, 0x00000000c4300000, 0x00000000eab00000)
  object space 68608K, 98% used [0x00000000c0000000,0x00000000c420e5c0,0x00000000c4300000)
 Metaspace       used 50217K, committed 51520K, reserved 1114112K
  class space    used 5256K, committed 5824K, reserved 1048576K
}
Event: 16.979 GC heap before
{Heap before GC invocations=40 (full 2):
 PSYoungGen      total 19456K, used 19447K [0x00000000eab00000, 0x00000000ec700000, 0x0000000100000000)
  eden space 17408K, 100% used [0x00000000eab00000,0x00000000ebc00000,0x00000000ebc00000)
  from space 2048K, 99% used [0x00000000ebd00000,0x00000000ebefdd78,0x00000000ebf00000)
  to   space 5632K, 0% used [0x00000000ec180000,0x00000000ec180000,0x00000000ec700000)
 ParOldGen       total 68608K, used 67641K [0x00000000c0000000, 0x00000000c4300000, 0x00000000eab00000)
  object space 68608K, 98% used [0x00000000c0000000,0x00000000c420e5c0,0x00000000c4300000)
 Metaspace       used 50594K, committed 51840K, reserved 1114112K
  class space    used 5303K, committed 5824K, reserved 1048576K
}
Event: 16.982 GC heap after
{Heap after GC invocations=40 (full 2):
 PSYoungGen      total 21504K, used 3589K [0x00000000eab00000, 0x00000000ec580000, 0x0000000100000000)
  eden space 17408K, 0% used [0x00000000eab00000,0x00000000eab00000,0x00000000ebc00000)
  from space 4096K, 87% used [0x00000000ec180000,0x00000000ec5017a0,0x00000000ec580000)
  to   space 4096K, 0% used [0x00000000ebd80000,0x00000000ebd80000,0x00000000ec180000)
 ParOldGen       total 69632K, used 69603K [0x00000000c0000000, 0x00000000c4400000, 0x00000000eab00000)
  object space 69632K, 99% used [0x00000000c0000000,0x00000000c43f8ee0,0x00000000c4400000)
 Metaspace       used 50594K, committed 51840K, reserved 1114112K
  class space    used 5303K, committed 5824K, reserved 1048576K
}
Event: 17.064 GC heap before
{Heap before GC invocations=41 (full 2):
 PSYoungGen      total 21504K, used 20997K [0x00000000eab00000, 0x00000000ec580000, 0x0000000100000000)
  eden space 17408K, 100% used [0x00000000eab00000,0x00000000ebc00000,0x00000000ebc00000)
  from space 4096K, 87% used [0x00000000ec180000,0x00000000ec5017a0,0x00000000ec580000)
  to   space 4096K, 0% used [0x00000000ebd80000,0x00000000ebd80000,0x00000000ec180000)
 ParOldGen       total 69632K, used 69603K [0x00000000c0000000, 0x00000000c4400000, 0x00000000eab00000)
  object space 69632K, 99% used [0x00000000c0000000,0x00000000c43f8ee0,0x00000000c4400000)
 Metaspace       used 50905K, committed 52096K, reserved 1114112K
  class space    used 5347K, committed 5888K, reserved 1048576K
}
Event: 17.067 GC heap after
{Heap after GC invocations=41 (full 2):
 PSYoungGen      total 20992K, used 3528K [0x00000000eab00000, 0x00000000ec400000, 0x0000000100000000)
  eden space 17408K, 0% used [0x00000000eab00000,0x00000000eab00000,0x00000000ebc00000)
  from space 3584K, 98% used [0x00000000ebd80000,0x00000000ec0f2270,0x00000000ec100000)
  to   space 3072K, 0% used [0x00000000ec100000,0x00000000ec100000,0x00000000ec400000)
 ParOldGen       total 73216K, used 72912K [0x00000000c0000000, 0x00000000c4780000, 0x00000000eab00000)
  object space 73216K, 99% used [0x00000000c0000000,0x00000000c4734108,0x00000000c4780000)
 Metaspace       used 50905K, committed 52096K, reserved 1114112K
  class space    used 5347K, committed 5888K, reserved 1048576K
}
Event: 17.129 GC heap before
{Heap before GC invocations=42 (full 2):
 PSYoungGen      total 20992K, used 20936K [0x00000000eab00000, 0x00000000ec400000, 0x0000000100000000)
  eden space 17408K, 100% used [0x00000000eab00000,0x00000000ebc00000,0x00000000ebc00000)
  from space 3584K, 98% used [0x00000000ebd80000,0x00000000ec0f2270,0x00000000ec100000)
  to   space 3072K, 0% used [0x00000000ec100000,0x00000000ec100000,0x00000000ec400000)
 ParOldGen       total 73216K, used 72912K [0x00000000c0000000, 0x00000000c4780000, 0x00000000eab00000)
  object space 73216K, 99% used [0x00000000c0000000,0x00000000c4734108,0x00000000c4780000)
 Metaspace       used 50991K, committed 52224K, reserved 1114112K
  class space    used 5375K, committed 5952K, reserved 1048576K
}
Event: 17.131 GC heap after
{Heap after GC invocations=42 (full 2):
 PSYoungGen      total 20480K, used 2951K [0x00000000eab00000, 0x00000000ec400000, 0x0000000100000000)
  eden space 17408K, 0% used [0x00000000eab00000,0x00000000eab00000,0x00000000ebc00000)
  from space 3072K, 96% used [0x00000000ec100000,0x00000000ec3e1f00,0x00000000ec400000)
  to   space 3584K, 0% used [0x00000000ebd00000,0x00000000ebd00000,0x00000000ec080000)
 ParOldGen       total 76288K, used 76212K [0x00000000c0000000, 0x00000000c4a80000, 0x00000000eab00000)
  object space 76288K, 99% used [0x00000000c0000000,0x00000000c4a6d158,0x00000000c4a80000)
 Metaspace       used 50991K, committed 52224K, reserved 1114112K
  class space    used 5375K, committed 5952K, reserved 1048576K
}
Event: 17.190 GC heap before
{Heap before GC invocations=43 (full 2):
 PSYoungGen      total 20480K, used 20359K [0x00000000eab00000, 0x00000000ec400000, 0x0000000100000000)
  eden space 17408K, 100% used [0x00000000eab00000,0x00000000ebc00000,0x00000000ebc00000)
  from space 3072K, 96% used [0x00000000ec100000,0x00000000ec3e1f00,0x00000000ec400000)
  to   space 3584K, 0% used [0x00000000ebd00000,0x00000000ebd00000,0x00000000ec080000)
 ParOldGen       total 76288K, used 76212K [0x00000000c0000000, 0x00000000c4a80000, 0x00000000eab00000)
  object space 76288K, 99% used [0x00000000c0000000,0x00000000c4a6d158,0x00000000c4a80000)
 Metaspace       used 51119K, committed 52416K, reserved 1114112K
  class space    used 5398K, committed 5952K, reserved 1048576K
}
Event: 17.192 GC heap after
{Heap after GC invocations=43 (full 2):
 PSYoungGen      total 20992K, used 3074K [0x00000000eab00000, 0x00000000ec300000, 0x0000000100000000)
  eden space 17408K, 0% used [0x00000000eab00000,0x00000000eab00000,0x00000000ebc00000)
  from space 3584K, 85% used [0x00000000ebd00000,0x00000000ec000918,0x00000000ec080000)
  to   space 2560K, 0% used [0x00000000ec080000,0x00000000ec080000,0x00000000ec300000)
 ParOldGen       total 79360K, used 78947K [0x00000000c0000000, 0x00000000c4d80000, 0x00000000eab00000)
  object space 79360K, 99% used [0x00000000c0000000,0x00000000c4d18eb8,0x00000000c4d80000)
 Metaspace       used 51119K, committed 52416K, reserved 1114112K
  class space    used 5398K, committed 5952K, reserved 1048576K
}
Event: 17.291 GC heap before
{Heap before GC invocations=44 (full 2):
 PSYoungGen      total 20992K, used 20482K [0x00000000eab00000, 0x00000000ec300000, 0x0000000100000000)
  eden space 17408K, 100% used [0x00000000eab00000,0x00000000ebc00000,0x00000000ebc00000)
  from space 3584K, 85% used [0x00000000ebd00000,0x00000000ec000918,0x00000000ec080000)
  to   space 2560K, 0% used [0x00000000ec080000,0x00000000ec080000,0x00000000ec300000)
 ParOldGen       total 79360K, used 78947K [0x00000000c0000000, 0x00000000c4d80000, 0x00000000eab00000)
  object space 79360K, 99% used [0x00000000c0000000,0x00000000c4d18eb8,0x00000000c4d80000)
 Metaspace       used 51403K, committed 52672K, reserved 1114112K
  class space    used 5419K, committed 5952K, reserved 1048576K
}
Event: 17.294 GC heap after
{Heap after GC invocations=44 (full 2):
 PSYoungGen      total 16896K, used 2544K [0x00000000eab00000, 0x00000000ecb00000, 0x0000000100000000)
  eden space 14336K, 0% used [0x00000000eab00000,0x00000000eab00000,0x00000000eb900000)
  from space 2560K, 99% used [0x00000000ec080000,0x00000000ec2fc270,0x00000000ec300000)
  to   space 7680K, 0% used [0x00000000eb900000,0x00000000eb900000,0x00000000ec080000)
 ParOldGen       total 83456K, used 83009K [0x00000000c0000000, 0x00000000c5180000, 0x00000000eab00000)
  object space 83456K, 99% used [0x00000000c0000000,0x00000000c51106d8,0x00000000c5180000)
 Metaspace       used 51403K, committed 52672K, reserved 1114112K
  class space    used 5419K, committed 5952K, reserved 1048576K
}

