# JRE version: OpenJDK Runtime Environment Temurin-21.0.6+7 (21.0.6+7) (build 21.0.6+7-LTS)
# Java VM: OpenJDK 64-Bit Server VM Temurin-21.0.6+7 (21.0.6+7-LTS, mixed mode, sharing, tiered, compressed oops, compressed class ptrs, parallel gc, windows-amd64)
GC Precious Log:
 CardTable entry size: 512
 CPUs: 12 total, 12 available
 Memory: 16085M
 Large Page Support: Disabled
 NUMA Support: Disabled
 Compressed Oops: Enabled (32-bit)
 Alignments: Space 512K, Generation 512K, Heap 2M
 Heap Min Capacity: 100M
 Heap Initial Capacity: 100M
 Heap Max Capacity: 1G
 Pre-touch: Disabled
 Parallel Workers: 10
Heap:
 PSYoungGen      total 11264K, used 10772K [0x00000000eab00000, 0x00000000eb880000, 0x0000000100000000)
  eden space 8704K, 100% used [0x00000000eab00000,0x00000000eb380000,0x00000000eb380000)
  from space 2560K, 80% used [0x00000000eb600000,0x00000000eb805170,0x00000000eb880000)
  to   space 2560K, 78% used [0x00000000eb380000,0x00000000eb576720,0x00000000eb600000)
 ParOldGen       total 112640K, used 112143K [0x00000000c0000000, 0x00000000c6e00000, 0x00000000eab00000)
  object space 112640K, 99% used [0x00000000c0000000,0x00000000c6d83c30,0x00000000c6e00000)
 Metaspace       used 51929K, committed 53184K, reserved 1114112K
  class space    used 5472K, committed 6080K, reserved 1048576K
GC Heap History (20 events):
Event: 18.751 GC heap before
{Heap before GC invocations=49 (full 2):
 PSYoungGen      total 10240K, used 10217K [0x00000000eab00000, 0x00000000ebd80000, 0x0000000100000000)
  eden space 8704K, 100% used [0x00000000eab00000,0x00000000eb380000,0x00000000eb380000)
  from space 1536K, 98% used [0x00000000eb800000,0x00000000eb97a708,0x00000000eb980000)
  to   space 4608K, 0% used [0x00000000eb380000,0x00000000eb380000,0x00000000eb800000)
 ParOldGen       total 93184K, used 92706K [0x00000000c0000000, 0x00000000c5b00000, 0x00000000eab00000)
  object space 93184K, 99% used [0x00000000c0000000,0x00000000c5a88838,0x00000000c5b00000)
 Metaspace       used 51339K, committed 52608K, reserved 1114112K
  class space    used 5416K, committed 6016K, reserved 1048576K
}
Event: 18.752 GC heap after
{Heap after GC invocations=49 (full 2):
 PSYoungGen      total 11264K, used 2181K [0x00000000eab00000, 0x00000000eb980000, 0x0000000100000000)
  eden space 8704K, 0% used [0x00000000eab00000,0x00000000eab00000,0x00000000eb380000)
  from space 2560K, 85% used [0x00000000eb380000,0x00000000eb5a14a0,0x00000000eb600000)
  to   space 3072K, 0% used [0x00000000eb680000,0x00000000eb680000,0x00000000eb980000)
 ParOldGen       total 94208K, used 94184K [0x00000000c0000000, 0x00000000c5c00000, 0x00000000eab00000)
  object space 94208K, 99% used [0x00000000c0000000,0x00000000c5bfa020,0x00000000c5c00000)
 Metaspace       used 51339K, committed 52608K, reserved 1114112K
  class space    used 5416K, committed 6016K, reserved 1048576K
}
Event: 18.780 GC heap before
{Heap before GC invocations=50 (full 2):
 PSYoungGen      total 11264K, used 10833K [0x00000000eab00000, 0x00000000eb980000, 0x0000000100000000)
  eden space 8704K, 99% used [0x00000000eab00000,0x00000000eb373328,0x00000000eb380000)
  from space 2560K, 85% used [0x00000000eb380000,0x00000000eb5a14a0,0x00000000eb600000)
  to   space 3072K, 0% used [0x00000000eb680000,0x00000000eb680000,0x00000000eb980000)
 ParOldGen       total 94208K, used 94184K [0x00000000c0000000, 0x00000000c5c00000, 0x00000000eab00000)
  object space 94208K, 99% used [0x00000000c0000000,0x00000000c5bfa020,0x00000000c5c00000)
 Metaspace       used 51357K, committed 52672K, reserved 1114112K
  class space    used 5417K, committed 6016K, reserved 1048576K
}
Event: 18.782 GC heap after
{Heap after GC invocations=50 (full 2):
 PSYoungGen      total 11264K, used 2209K [0x00000000eab00000, 0x00000000eb900000, 0x0000000100000000)
  eden space 8704K, 0% used [0x00000000eab00000,0x00000000eab00000,0x00000000eb380000)
  from space 2560K, 86% used [0x00000000eb680000,0x00000000eb8a8528,0x00000000eb900000)
  to   space 2560K, 0% used [0x00000000eb380000,0x00000000eb380000,0x00000000eb600000)
 ParOldGen       total 96256K, used 96226K [0x00000000c0000000, 0x00000000c5e00000, 0x00000000eab00000)
  object space 96256K, 99% used [0x00000000c0000000,0x00000000c5df8b58,0x00000000c5e00000)
 Metaspace       used 51357K, committed 52672K, reserved 1114112K
  class space    used 5417K, committed 6016K, reserved 1048576K
}
Event: 18.810 GC heap before
{Heap before GC invocations=51 (full 2):
 PSYoungGen      total 11264K, used 10913K [0x00000000eab00000, 0x00000000eb900000, 0x0000000100000000)
  eden space 8704K, 100% used [0x00000000eab00000,0x00000000eb380000,0x00000000eb380000)
  from space 2560K, 86% used [0x00000000eb680000,0x00000000eb8a8528,0x00000000eb900000)
  to   space 2560K, 0% used [0x00000000eb380000,0x00000000eb380000,0x00000000eb600000)
 ParOldGen       total 96256K, used 96226K [0x00000000c0000000, 0x00000000c5e00000, 0x00000000eab00000)
  object space 96256K, 99% used [0x00000000c0000000,0x00000000c5df8b58,0x00000000c5e00000)
 Metaspace       used 51415K, committed 52672K, reserved 1114112K
  class space    used 5422K, committed 6016K, reserved 1048576K
}
Event: 18.812 GC heap after
{Heap after GC invocations=51 (full 2):
 PSYoungGen      total 10752K, used 1926K [0x00000000eab00000, 0x00000000eb780000, 0x0000000100000000)
  eden space 8704K, 0% used [0x00000000eab00000,0x00000000eab00000,0x00000000eb380000)
  from space 2048K, 94% used [0x00000000eb380000,0x00000000eb561a78,0x00000000eb580000)
  to   space 2048K, 0% used [0x00000000eb580000,0x00000000eb580000,0x00000000eb780000)
 ParOldGen       total 98304K, used 98302K [0x00000000c0000000, 0x00000000c6000000, 0x00000000eab00000)
  object space 98304K, 99% used [0x00000000c0000000,0x00000000c5fff800,0x00000000c6000000)
 Metaspace       used 51415K, committed 52672K, reserved 1114112K
  class space    used 5422K, committed 6016K, reserved 1048576K
}
Event: 18.852 GC heap before
{Heap before GC invocations=52 (full 2):
 PSYoungGen      total 10752K, used 10630K [0x00000000eab00000, 0x00000000eb780000, 0x0000000100000000)
  eden space 8704K, 100% used [0x00000000eab00000,0x00000000eb380000,0x00000000eb380000)
  from space 2048K, 94% used [0x00000000eb380000,0x00000000eb561a78,0x00000000eb580000)
  to   space 2048K, 0% used [0x00000000eb580000,0x00000000eb580000,0x00000000eb780000)
 ParOldGen       total 98304K, used 98302K [0x00000000c0000000, 0x00000000c6000000, 0x00000000eab00000)
  object space 98304K, 99% used [0x00000000c0000000,0x00000000c5fff800,0x00000000c6000000)
 Metaspace       used 51511K, committed 52864K, reserved 1114112K
  class space    used 5426K, committed 6080K, reserved 1048576K
}
Event: 18.853 GC heap after
{Heap after GC invocations=52 (full 2):
 PSYoungGen      total 10752K, used 2025K [0x00000000eab00000, 0x00000000eb780000, 0x0000000100000000)
  eden space 8704K, 0% used [0x00000000eab00000,0x00000000eab00000,0x00000000eb380000)
  from space 2048K, 98% used [0x00000000eb580000,0x00000000eb77a558,0x00000000eb780000)
  to   space 2048K, 0% used [0x00000000eb380000,0x00000000eb380000,0x00000000eb580000)
 ParOldGen       total 100352K, used 100080K [0x00000000c0000000, 0x00000000c6200000, 0x00000000eab00000)
  object space 100352K, 99% used [0x00000000c0000000,0x00000000c61bc380,0x00000000c6200000)
 Metaspace       used 51511K, committed 52864K, reserved 1114112K
  class space    used 5426K, committed 6080K, reserved 1048576K
}
Event: 18.920 GC heap before
{Heap before GC invocations=53 (full 2):
 PSYoungGen      total 10752K, used 10729K [0x00000000eab00000, 0x00000000eb780000, 0x0000000100000000)
  eden space 8704K, 100% used [0x00000000eab00000,0x00000000eb380000,0x00000000eb380000)
  from space 2048K, 98% used [0x00000000eb580000,0x00000000eb77a558,0x00000000eb780000)
  to   space 2048K, 0% used [0x00000000eb380000,0x00000000eb380000,0x00000000eb580000)
 ParOldGen       total 100352K, used 100080K [0x00000000c0000000, 0x00000000c6200000, 0x00000000eab00000)
  object space 100352K, 99% used [0x00000000c0000000,0x00000000c61bc380,0x00000000c6200000)
 Metaspace       used 51593K, committed 52928K, reserved 1114112K
  class space    used 5437K, committed 6080K, reserved 1048576K
}
Event: 18.922 GC heap after
{Heap after GC invocations=53 (full 2):
 PSYoungGen      total 10752K, used 1774K [0x00000000eab00000, 0x00000000eb780000, 0x0000000100000000)
  eden space 8704K, 0% used [0x00000000eab00000,0x00000000eab00000,0x00000000eb380000)
  from space 2048K, 86% used [0x00000000eb380000,0x00000000eb53b890,0x00000000eb580000)
  to   space 2048K, 0% used [0x00000000eb580000,0x00000000eb580000,0x00000000eb780000)
 ParOldGen       total 102400K, used 101899K [0x00000000c0000000, 0x00000000c6400000, 0x00000000eab00000)
  object space 102400K, 99% used [0x00000000c0000000,0x00000000c6382fa8,0x00000000c6400000)
 Metaspace       used 51593K, committed 52928K, reserved 1114112K
  class space    used 5437K, committed 6080K, reserved 1048576K
}
Event: 18.962 GC heap before
{Heap before GC invocations=54 (full 2):
 PSYoungGen      total 10752K, used 10478K [0x00000000eab00000, 0x00000000eb780000, 0x0000000100000000)
  eden space 8704K, 100% used [0x00000000eab00000,0x00000000eb380000,0x00000000eb380000)
  from space 2048K, 86% used [0x00000000eb380000,0x00000000eb53b890,0x00000000eb580000)
  to   space 2048K, 0% used [0x00000000eb580000,0x00000000eb580000,0x00000000eb780000)
 ParOldGen       total 102400K, used 101899K [0x00000000c0000000, 0x00000000c6400000, 0x00000000eab00000)
  object space 102400K, 99% used [0x00000000c0000000,0x00000000c6382fa8,0x00000000c6400000)
 Metaspace       used 51619K, committed 52928K, reserved 1114112K
  class space    used 5440K, committed 6080K, reserved 1048576K
}
Event: 18.964 GC heap after
{Heap after GC invocations=54 (full 2):
 PSYoungGen      total 10752K, used 1945K [0x00000000eab00000, 0x00000000eb780000, 0x0000000100000000)
  eden space 8704K, 0% used [0x00000000eab00000,0x00000000eab00000,0x00000000eb380000)
  from space 2048K, 95% used [0x00000000eb580000,0x00000000eb7666d8,0x00000000eb780000)
  to   space 2048K, 0% used [0x00000000eb380000,0x00000000eb380000,0x00000000eb580000)
 ParOldGen       total 103936K, used 103491K [0x00000000c0000000, 0x00000000c6580000, 0x00000000eab00000)
  object space 103936K, 99% used [0x00000000c0000000,0x00000000c6510ca8,0x00000000c6580000)
 Metaspace       used 51619K, committed 52928K, reserved 1114112K
  class space    used 5440K, committed 6080K, reserved 1048576K
}
Event: 19.003 GC heap before
{Heap before GC invocations=55 (full 2):
 PSYoungGen      total 10752K, used 10649K [0x00000000eab00000, 0x00000000eb780000, 0x0000000100000000)
  eden space 8704K, 100% used [0x00000000eab00000,0x00000000eb380000,0x00000000eb380000)
  from space 2048K, 95% used [0x00000000eb580000,0x00000000eb7666d8,0x00000000eb780000)
  to   space 2048K, 0% used [0x00000000eb380000,0x00000000eb380000,0x00000000eb580000)
 ParOldGen       total 103936K, used 103491K [0x00000000c0000000, 0x00000000c6580000, 0x00000000eab00000)
  object space 103936K, 99% used [0x00000000c0000000,0x00000000c6510ca8,0x00000000c6580000)
 Metaspace       used 51639K, committed 52928K, reserved 1114112K
  class space    used 5446K, committed 6080K, reserved 1048576K
}
Event: 19.004 GC heap after
{Heap after GC invocations=55 (full 2):
 PSYoungGen      total 10752K, used 2026K [0x00000000eab00000, 0x00000000ebc80000, 0x0000000100000000)
  eden space 8704K, 0% used [0x00000000eab00000,0x00000000eab00000,0x00000000eb380000)
  from space 2048K, 98% used [0x00000000eb380000,0x00000000eb57aa68,0x00000000eb580000)
  to   space 4608K, 0% used [0x00000000eb800000,0x00000000eb800000,0x00000000ebc80000)
 ParOldGen       total 105472K, used 105287K [0x00000000c0000000, 0x00000000c6700000, 0x00000000eab00000)
  object space 105472K, 99% used [0x00000000c0000000,0x00000000c66d1df0,0x00000000c6700000)
 Metaspace       used 51639K, committed 52928K, reserved 1114112K
  class space    used 5446K, committed 6080K, reserved 1048576K
}
Event: 19.040 GC heap before
{Heap before GC invocations=56 (full 2):
 PSYoungGen      total 10752K, used 10730K [0x00000000eab00000, 0x00000000ebc80000, 0x0000000100000000)
  eden space 8704K, 100% used [0x00000000eab00000,0x00000000eb380000,0x00000000eb380000)
  from space 2048K, 98% used [0x00000000eb380000,0x00000000eb57aa68,0x00000000eb580000)
  to   space 4608K, 0% used [0x00000000eb800000,0x00000000eb800000,0x00000000ebc80000)
 ParOldGen       total 105472K, used 105287K [0x00000000c0000000, 0x00000000c6700000, 0x00000000eab00000)
  object space 105472K, 99% used [0x00000000c0000000,0x00000000c66d1df0,0x00000000c6700000)
 Metaspace       used 51673K, committed 52928K, reserved 1114112K
  class space    used 5451K, committed 6080K, reserved 1048576K
}
Event: 19.042 GC heap after
{Heap after GC invocations=56 (full 2):
 PSYoungGen      total 10752K, used 2012K [0x00000000eab00000, 0x00000000eba00000, 0x0000000100000000)
  eden space 8704K, 0% used [0x00000000eab00000,0x00000000eab00000,0x00000000eb380000)
  from space 2048K, 98% used [0x00000000eb800000,0x00000000eb9f71f8,0x00000000eba00000)
  to   space 3072K, 0% used [0x00000000eb400000,0x00000000eb400000,0x00000000eb700000)
 ParOldGen       total 107520K, used 107175K [0x00000000c0000000, 0x00000000c6900000, 0x00000000eab00000)
  object space 107520K, 99% used [0x00000000c0000000,0x00000000c68a9e98,0x00000000c6900000)
 Metaspace       used 51673K, committed 52928K, reserved 1114112K
  class space    used 5451K, committed 6080K, reserved 1048576K
}
Event: 19.095 GC heap before
{Heap before GC invocations=57 (full 2):
 PSYoungGen      total 10752K, used 10716K [0x00000000eab00000, 0x00000000eba00000, 0x0000000100000000)
  eden space 8704K, 100% used [0x00000000eab00000,0x00000000eb380000,0x00000000eb380000)
  from space 2048K, 98% used [0x00000000eb800000,0x00000000eb9f71f8,0x00000000eba00000)
  to   space 3072K, 0% used [0x00000000eb400000,0x00000000eb400000,0x00000000eb700000)
 ParOldGen       total 107520K, used 107175K [0x00000000c0000000, 0x00000000c6900000, 0x00000000eab00000)
  object space 107520K, 99% used [0x00000000c0000000,0x00000000c68a9e98,0x00000000c6900000)
 Metaspace       used 51757K, committed 53056K, reserved 1114112K
  class space    used 5457K, committed 6080K, reserved 1048576K
}
Event: 19.097 GC heap after
{Heap after GC invocations=57 (full 2):
 PSYoungGen      total 10752K, used 1897K [0x00000000eab00000, 0x00000000eb880000, 0x0000000100000000)
  eden space 8704K, 0% used [0x00000000eab00000,0x00000000eab00000,0x00000000eb380000)
  from space 2048K, 92% used [0x00000000eb400000,0x00000000eb5da550,0x00000000eb600000)
  to   space 2560K, 0% used [0x00000000eb600000,0x00000000eb600000,0x00000000eb880000)
 ParOldGen       total 109056K, used 108915K [0x00000000c0000000, 0x00000000c6a80000, 0x00000000eab00000)
  object space 109056K, 99% used [0x00000000c0000000,0x00000000c6a5cdd8,0x00000000c6a80000)
 Metaspace       used 51757K, committed 53056K, reserved 1114112K
  class space    used 5457K, committed 6080K, reserved 1048576K
}
Event: 19.161 GC heap before
{Heap before GC invocations=58 (full 2):
 PSYoungGen      total 10752K, used 10601K [0x00000000eab00000, 0x00000000eb880000, 0x0000000100000000)
  eden space 8704K, 100% used [0x00000000eab00000,0x00000000eb380000,0x00000000eb380000)
  from space 2048K, 92% used [0x00000000eb400000,0x00000000eb5da550,0x00000000eb600000)
  to   space 2560K, 0% used [0x00000000eb600000,0x00000000eb600000,0x00000000eb880000)
 ParOldGen       total 109056K, used 108915K [0x00000000c0000000, 0x00000000c6a80000, 0x00000000eab00000)
  object space 109056K, 99% used [0x00000000c0000000,0x00000000c6a5cdd8,0x00000000c6a80000)
 Metaspace       used 51832K, committed 53120K, reserved 1114112K
  class space    used 5465K, committed 6080K, reserved 1048576K
}
Event: 19.163 GC heap after
{Heap after GC invocations=58 (full 2):
 PSYoungGen      total 11264K, used 2068K [0x00000000eab00000, 0x00000000eb880000, 0x0000000100000000)
  eden space 8704K, 0% used [0x00000000eab00000,0x00000000eab00000,0x00000000eb380000)
  from space 2560K, 80% used [0x00000000eb600000,0x00000000eb805170,0x00000000eb880000)
  to   space 2560K, 0% used [0x00000000eb380000,0x00000000eb380000,0x00000000eb600000)
 ParOldGen       total 111104K, used 110607K [0x00000000c0000000, 0x00000000c6c80000, 0x00000000eab00000)
  object space 111104K, 99% used [0x00000000c0000000,0x00000000c6c03c48,0x00000000c6c80000)
 Metaspace       used 51832K, committed 53120K, reserved 1114112K
  class space    used 5465K, committed 6080K, reserved 1048576K
}

